0 info it worked if it ends with ok
1 verbose cli [ '/usr/bin/node', '/usr/bin/npm', 'install', 'ruby-compass' ]
2 info using npm@1.4.9
3 info using node@v0.10.28
4 verbose node symlink /usr/bin/node
5 verbose readDependencies using package.json deps
6 verbose cache add [ 'ruby-compass', null ]
7 verbose cache add name=undefined spec="ruby-compass" args=["ruby-compass",null]
8 verbose parsed url { protocol: null,
8 verbose parsed url   slashes: null,
8 verbose parsed url   auth: null,
8 verbose parsed url   host: null,
8 verbose parsed url   port: null,
8 verbose parsed url   hostname: null,
8 verbose parsed url   hash: null,
8 verbose parsed url   search: null,
8 verbose parsed url   query: null,
8 verbose parsed url   pathname: 'ruby-compass',
8 verbose parsed url   path: 'ruby-compass',
8 verbose parsed url   href: 'ruby-compass' }
9 silly lockFile ec0aae83-ruby-compass ruby-compass
10 verbose lock ruby-compass /home/db/.npm/ec0aae83-ruby-compass.lock
11 silly lockFile ec0aae83-ruby-compass ruby-compass
12 silly lockFile ec0aae83-ruby-compass ruby-compass
13 verbose addNamed [ 'ruby-compass', '' ]
14 verbose addNamed [ null, '*' ]
15 silly lockFile 4dde6e22-ruby-compass ruby-compass@
16 verbose lock ruby-compass@ /home/db/.npm/4dde6e22-ruby-compass.lock
17 silly addNameRange { name: 'ruby-compass', range: '*', hasData: false }
18 verbose url raw ruby-compass
19 verbose url resolving [ 'https://registry.npmjs.org/', './ruby-compass' ]
20 verbose url resolved https://registry.npmjs.org/ruby-compass
21 info trying registry request attempt 1 at 16:29:22
22 http GET https://registry.npmjs.org/ruby-compass
23 http 404 https://registry.npmjs.org/ruby-compass
24 verbose headers { date: 'Fri, 09 May 2014 13:29:23 GMT',
24 verbose headers   server: 'CouchDB/1.5.0 (Erlang OTP/R14B04)',
24 verbose headers   'content-type': 'application/json',
24 verbose headers   via: '1.1 varnish',
24 verbose headers   'cache-control': 'max-age=0',
24 verbose headers   'content-length': '52',
24 verbose headers   'accept-ranges': 'bytes',
24 verbose headers   age: '0',
24 verbose headers   'x-served-by': 'cache-v44-ASH, cache-fra1224-FRA',
24 verbose headers   'x-cache': 'MISS, MISS',
24 verbose headers   'x-cache-hits': '0, 0',
24 verbose headers   'x-timer': 'S1399642163.105724573,VS0,VS43,VE57,VE105',
24 verbose headers   'keep-alive': 'timeout=10, max=50',
24 verbose headers   connection: 'Keep-Alive' }
25 silly registry.get cb [ 404,
25 silly registry.get   { date: 'Fri, 09 May 2014 13:29:23 GMT',
25 silly registry.get     server: 'CouchDB/1.5.0 (Erlang OTP/R14B04)',
25 silly registry.get     'content-type': 'application/json',
25 silly registry.get     via: '1.1 varnish',
25 silly registry.get     'cache-control': 'max-age=0',
25 silly registry.get     'content-length': '52',
25 silly registry.get     'accept-ranges': 'bytes',
25 silly registry.get     age: '0',
25 silly registry.get     'x-served-by': 'cache-v44-ASH, cache-fra1224-FRA',
25 silly registry.get     'x-cache': 'MISS, MISS',
25 silly registry.get     'x-cache-hits': '0, 0',
25 silly registry.get     'x-timer': 'S1399642163.105724573,VS0,VS43,VE57,VE105',
25 silly registry.get     'keep-alive': 'timeout=10, max=50',
25 silly registry.get     connection: 'Keep-Alive' } ]
26 silly lockFile 4dde6e22-ruby-compass ruby-compass@
27 silly lockFile 4dde6e22-ruby-compass ruby-compass@
28 error 404 404 Not Found: ruby-compass
28 error 404
28 error 404 'ruby-compass' is not in the npm registry.
28 error 404 You should bug the author to publish it
28 error 404 It was specified as a dependency of 'egemsoftweb'
28 error 404
28 error 404 Note that you can also install from a
28 error 404 tarball, folder, or http url, or git url.
29 error System Linux 3.2.0-61-generic
30 error command "/usr/bin/node" "/usr/bin/npm" "install" "ruby-compass"
31 error cwd /home/db/workspace/egemsoft-web
32 error node -v v0.10.28
33 error npm -v 1.4.9
34 error code E404
35 verbose exit [ 1, true ]
